[logs/Android_PIXEL_2 INFO ] 2020-10-08 09:23:16.449 BaseTest:210 - log path: logs/Android_PIXEL_2
[logs/Android_PIXEL_2 INFO ] 2020-10-08 09:23:16.508 BaseTest:234 - UiAutomator2
[logs/Android_PIXEL_2 INFO ] 2020-10-08 09:23:16.509 BaseTest:244 - /Users/sharathrudramuniyappa/eclipse-workspace/Parallel/target/test-classes/app/saucelabs.apk
[logs/Android_PIXEL_2 INFO ] 2020-10-08 09:23:31.038 LoginTest:60 - 
****Starting Test ->  invalidPassword   *****

[logs/Android_PIXEL_2 INFO ] 2020-10-08 09:23:31.288 LoginTest:81 - Inside test method
[logs/Android_PIXEL_2 INFO ] 2020-10-08 09:23:33.419 BaseTest:311 - Login with -standard_user
[logs/Android_PIXEL_2 INFO ] 2020-10-08 09:23:35.049 BaseTest:311 - Login with -secretsauce
[logs/Android_PIXEL_2 INFO ] 2020-10-08 09:23:36.141 BaseTest:298 - Press Login button
[logs/Android_PIXEL_2 INFO ] 2020-10-08 09:23:37.079 BaseTest:335 - error text is Username and password do not match any user in this service.
[logs/Android_PIXEL_2 INFO ] 2020-10-08 09:23:37.083 LoginTest:88 - before coming out of test method
[logs/Android_PIXEL_2 INFO ] 2020-10-08 09:23:37.086 LoginTest:60 - 
****Starting Test ->  invalidUserName   *****

[logs/Android_PIXEL_2 INFO ] 2020-10-08 09:23:37.089 LoginTest:69 - Inside test method
[logs/Android_PIXEL_2 INFO ] 2020-10-08 09:23:37.804 BaseTest:311 - Login with -invalidUser
[logs/Android_PIXEL_2 INFO ] 2020-10-08 09:23:39.424 BaseTest:311 - Login with -secret_sauce
[logs/Android_PIXEL_2 INFO ] 2020-10-08 09:23:40.505 BaseTest:298 - Press Login button
[logs/Android_PIXEL_2 INFO ] 2020-10-08 09:23:40.930 BaseTest:335 - error text is Username and password do not match any user in this service.
[logs/Android_PIXEL_2 INFO ] 2020-10-08 09:23:40.930 LoginTest:76 - before coming out of test method
[logs/Android_PIXEL_2 INFO ] 2020-10-08 09:23:40.934 LoginTest:60 - 
****Starting Test ->  successfulLogin   *****

[logs/Android_PIXEL_2 INFO ] 2020-10-08 09:23:40.936 LoginTest:93 - Inside test method
[logs/Android_PIXEL_2 INFO ] 2020-10-08 09:23:41.635 BaseTest:311 - Login with -standard_user
[logs/Android_PIXEL_2 INFO ] 2020-10-08 09:23:43.249 BaseTest:311 - Login with -secret_sauce
[logs/Android_PIXEL_2 INFO ] 2020-10-08 09:23:44.344 BaseTest:298 - Press Login button
[logs/Android_PIXEL_2 INFO ] 2020-10-08 09:23:46.344 BaseTest:335 - PRoduct Title text  -PRODUCTS
[logs/Android_PIXEL_2 INFO ] 2020-10-08 09:23:46.344 LoginTest:100 - before coming out of test method
[logs/Android_PIXEL_2 INFO ] 2020-10-08 09:25:28.624 BaseTest:210 - log path: logs/Android_PIXEL_2
[logs/Android_PIXEL_2 INFO ] 2020-10-08 09:25:28.633 BaseTest:234 - UiAutomator2
[logs/Android_PIXEL_2 INFO ] 2020-10-08 09:25:28.634 BaseTest:244 - /Users/sharathrudramuniyappa/eclipse-workspace/Parallel/target/test-classes/app/saucelabs.apk
[logs/Android_PIXEL_2 INFO ] 2020-10-08 09:25:42.889 LoginTest:60 - 
****Starting Test ->  invalidPassword   *****

[logs/Android_PIXEL_2 INFO ] 2020-10-08 09:25:43.052 LoginTest:81 - Inside test method
[logs/Android_PIXEL_2 INFO ] 2020-10-08 09:25:45.366 BaseTest:311 - Login with -standard_user
[logs/Android_PIXEL_2 INFO ] 2020-10-08 09:25:46.599 BaseTest:311 - Login with -secretsauce
[logs/Android_PIXEL_2 INFO ] 2020-10-08 09:25:47.715 BaseTest:298 - Press Login button
[logs/Android_PIXEL_2 INFO ] 2020-10-08 09:25:48.673 BaseTest:335 - error text is Username and password do not match any user in this service.
[logs/Android_PIXEL_2 INFO ] 2020-10-08 09:25:48.675 LoginTest:88 - before coming out of test method
[logs/Android_PIXEL_2 INFO ] 2020-10-08 09:25:48.677 LoginTest:60 - 
****Starting Test ->  invalidUserName   *****

[logs/Android_PIXEL_2 INFO ] 2020-10-08 09:25:48.678 LoginTest:69 - Inside test method
[logs/Android_PIXEL_2 INFO ] 2020-10-08 09:25:49.436 BaseTest:311 - Login with -invalidUser
[logs/Android_PIXEL_2 INFO ] 2020-10-08 09:25:51.120 BaseTest:311 - Login with -secret_sauce
[logs/Android_PIXEL_2 INFO ] 2020-10-08 09:25:51.741 BaseTest:298 - Press Login button
[logs/Android_PIXEL_2 INFO ] 2020-10-08 09:25:52.198 BaseTest:335 - error text is Username and password do not match any user in this service.
[logs/Android_PIXEL_2 INFO ] 2020-10-08 09:25:52.199 LoginTest:76 - before coming out of test method
[logs/Android_PIXEL_2 INFO ] 2020-10-08 09:25:52.200 LoginTest:60 - 
****Starting Test ->  successfulLogin   *****

[logs/Android_PIXEL_2 INFO ] 2020-10-08 09:25:52.201 LoginTest:93 - Inside test method
[logs/Android_PIXEL_2 INFO ] 2020-10-08 09:25:52.950 BaseTest:311 - Login with -standard_user
[logs/Android_PIXEL_2 INFO ] 2020-10-08 09:25:54.159 BaseTest:311 - Login with -secret_sauce
[logs/Android_PIXEL_2 INFO ] 2020-10-08 09:25:55.256 BaseTest:298 - Press Login button
[logs/Android_PIXEL_2 INFO ] 2020-10-08 09:25:57.177 BaseTest:335 - PRoduct Title text  -PRODUCTS
[logs/Android_PIXEL_2 INFO ] 2020-10-08 09:25:57.177 LoginTest:100 - before coming out of test method
[logs/Android_PIXEL_2 INFO ] 2020-10-08 09:26:01.670 BaseTest:210 - log path: logs/Android_PIXEL_2
[logs/Android_PIXEL_2 INFO ] 2020-10-08 09:26:01.674 BaseTest:234 - UiAutomator2
[logs/Android_PIXEL_2 INFO ] 2020-10-08 09:26:01.674 BaseTest:244 - /Users/sharathrudramuniyappa/eclipse-workspace/Parallel/target/test-classes/app/saucelabs.apk
[logs/Android_PIXEL_2 INFO ] 2020-10-08 09:26:14.437 LoginTest:60 - 
****Starting Test ->  invalidPassword   *****

[logs/Android_PIXEL_2 INFO ] 2020-10-08 09:26:14.441 LoginTest:81 - Inside test method
[logs/Android_PIXEL_2 INFO ] 2020-10-08 09:26:16.709 BaseTest:311 - Login with -standard_user
[logs/Android_PIXEL_2 INFO ] 2020-10-08 09:26:18.374 BaseTest:311 - Login with -secretsauce
[logs/Android_PIXEL_2 INFO ] 2020-10-08 09:26:18.987 BaseTest:298 - Press Login button
[logs/Android_PIXEL_2 INFO ] 2020-10-08 09:26:19.943 BaseTest:335 - error text is Username and password do not match any user in this service.
[logs/Android_PIXEL_2 INFO ] 2020-10-08 09:26:19.943 LoginTest:88 - before coming out of test method
[logs/Android_PIXEL_2 INFO ] 2020-10-08 09:26:19.945 LoginTest:60 - 
****Starting Test ->  invalidUserName   *****

[logs/Android_PIXEL_2 INFO ] 2020-10-08 09:26:19.946 LoginTest:69 - Inside test method
[logs/Android_PIXEL_2 INFO ] 2020-10-08 09:26:20.663 BaseTest:311 - Login with -invalidUser
[logs/Android_PIXEL_2 INFO ] 2020-10-08 09:26:22.329 BaseTest:311 - Login with -secret_sauce
[logs/Android_PIXEL_2 INFO ] 2020-10-08 09:26:22.951 BaseTest:298 - Press Login button
[logs/Android_PIXEL_2 INFO ] 2020-10-08 09:26:23.384 BaseTest:335 - error text is Username and password do not match any user in this service.
[logs/Android_PIXEL_2 INFO ] 2020-10-08 09:26:23.385 LoginTest:76 - before coming out of test method
[logs/Android_PIXEL_2 INFO ] 2020-10-08 09:26:23.386 LoginTest:60 - 
****Starting Test ->  successfulLogin   *****

[logs/Android_PIXEL_2 INFO ] 2020-10-08 09:26:23.387 LoginTest:93 - Inside test method
[logs/Android_PIXEL_2 INFO ] 2020-10-08 09:26:24.097 BaseTest:311 - Login with -standard_user
[logs/Android_PIXEL_2 INFO ] 2020-10-08 09:26:25.252 BaseTest:311 - Login with -secret_sauce
[logs/Android_PIXEL_2 INFO ] 2020-10-08 09:26:26.340 BaseTest:298 - Press Login button
[logs/Android_PIXEL_2 INFO ] 2020-10-08 09:26:28.625 BaseTest:335 - PRoduct Title text  -PRODUCTS
[logs/Android_PIXEL_2 INFO ] 2020-10-08 09:26:28.625 LoginTest:100 - before coming out of test method
[logs/Android_PIXEL_2 INFO ] 2020-10-08 09:26:34.410 BaseTest:311 - Login with -standard_user
[logs/Android_PIXEL_2 INFO ] 2020-10-08 09:26:36.047 BaseTest:311 - Login with -secret_sauce
[logs/Android_PIXEL_2 INFO ] 2020-10-08 09:26:37.108 BaseTest:298 - Press Login button
[logs/Android_PIXEL_2 INFO ] 2020-10-08 09:26:38.975 BaseTest:298 - Pressed SLP title 
[logs/Android_PIXEL_2 INFO ] 2020-10-08 09:26:40.887 BaseTest:335 - Profuct title - Sauce Labs Backpack
[logs/Android_PIXEL_2 INFO ] 2020-10-08 09:32:33.258 BaseTest:210 - log path: logs/Android_PIXEL_2
[logs/Android_PIXEL_2 INFO ] 2020-10-08 09:32:33.280 BaseTest:234 - UiAutomator2
[logs/Android_PIXEL_2 INFO ] 2020-10-08 09:32:33.280 BaseTest:244 - /Users/sharathrudramuniyappa/eclipse-workspace/Parallel/target/test-classes/app/saucelabs.apk
[logs/Android_PIXEL_2 INFO ] 2020-10-08 09:32:53.218 LoginTest:60 - 
****Starting Test ->  invalidPassword   *****

[logs/Android_PIXEL_2 INFO ] 2020-10-08 09:32:53.411 LoginTest:81 - Inside test method
[logs/Android_PIXEL_2 INFO ] 2020-10-08 09:32:55.759 BaseTest:311 - Login with -standard_user
[logs/Android_PIXEL_2 INFO ] 2020-10-08 09:32:57.720 BaseTest:311 - Login with -secretsauce
[logs/Android_PIXEL_2 INFO ] 2020-10-08 09:32:58.836 BaseTest:298 - Press Login button
[logs/Android_PIXEL_2 INFO ] 2020-10-08 09:32:59.782 BaseTest:335 - error text is Username and password do not match any user in this service.
[logs/Android_PIXEL_2 INFO ] 2020-10-08 09:32:59.785 LoginTest:88 - before coming out of test method
[logs/Android_PIXEL_2 INFO ] 2020-10-08 09:32:59.787 LoginTest:60 - 
****Starting Test ->  invalidUserName   *****

[logs/Android_PIXEL_2 INFO ] 2020-10-08 09:32:59.788 LoginTest:69 - Inside test method
[logs/Android_PIXEL_2 INFO ] 2020-10-08 09:33:00.522 BaseTest:311 - Login with -invalidUser
[logs/Android_PIXEL_2 INFO ] 2020-10-08 09:33:02.468 BaseTest:311 - Login with -secret_sauce
[logs/Android_PIXEL_2 INFO ] 2020-10-08 09:33:03.534 BaseTest:298 - Press Login button
[logs/Android_PIXEL_2 INFO ] 2020-10-08 09:33:04.144 BaseTest:335 - error text is Username and password do not match any user in this service.
[logs/Android_PIXEL_2 INFO ] 2020-10-08 09:33:04.145 LoginTest:76 - before coming out of test method
[logs/Android_PIXEL_2 INFO ] 2020-10-08 09:33:04.147 LoginTest:60 - 
****Starting Test ->  successfulLogin   *****

[logs/Android_PIXEL_2 INFO ] 2020-10-08 09:33:04.147 LoginTest:93 - Inside test method
[logs/Android_PIXEL_2 INFO ] 2020-10-08 09:33:04.881 BaseTest:311 - Login with -standard_user
[logs/Android_PIXEL_2 INFO ] 2020-10-08 09:33:06.565 BaseTest:311 - Login with -secret_sauce
[logs/Android_PIXEL_2 INFO ] 2020-10-08 09:33:07.671 BaseTest:298 - Press Login button
[logs/Android_PIXEL_2 INFO ] 2020-10-08 09:33:10.036 BaseTest:335 - PRoduct Title text  -PRODUCTS
[logs/Android_PIXEL_2 INFO ] 2020-10-08 09:33:10.036 LoginTest:100 - before coming out of test method
[logs/Android_PIXEL_2 INFO ] 2020-10-08 09:34:49.675 BaseTest:210 - log path: logs/Android_PIXEL_2
[logs/Android_PIXEL_2 INFO ] 2020-10-08 09:34:49.688 BaseTest:234 - UiAutomator2
[logs/Android_PIXEL_2 INFO ] 2020-10-08 09:34:49.689 BaseTest:244 - /Users/sharathrudramuniyappa/eclipse-workspace/Parallel/target/test-classes/app/saucelabs.apk
[logs/Android_PIXEL_2 INFO ] 2020-10-08 09:35:36.911 BaseTest:210 - log path: logs/Android_PIXEL_2
[logs/Android_PIXEL_2 INFO ] 2020-10-08 09:35:36.926 BaseTest:234 - UiAutomator2
[logs/Android_PIXEL_2 INFO ] 2020-10-08 09:35:36.926 BaseTest:244 - /Users/sharathrudramuniyappa/eclipse-workspace/Parallel/target/test-classes/app/saucelabs.apk
